d:\dxtk_code_base\debug\fsm.cmo
d:\dxtk_code_base\debug\_program files (x86)_microsoft visual studio 14.0_common7_ide_extensions_microsoft_vsgraphics_assets_effects_phong.dgsl.cso
c:\programdata\nvidia corporation\drs\nvapptimestamps
d:\dxtk_code_base\debug\george nelson wood dase platform bench_fbx.cmo
d:\dxtk_code_base\debug\_dxtk__code__base_assets_george nelson wood dase platform bench__fbx_wood 01.jpg.dds
d:\dxtk_code_base\debug\_dxtk__code__base_assets_george nelson wood dase platform bench__fbx_wood 02.jpg.dds
d:\dxtk_code_base\debug\_dxtk__code__base_assets_george nelson wood dase platform bench__fbx_wood 03.jpg.dds
d:\dxtk_code_base\debug\goblin_fbx.cmo
d:\dxtk_code_base\debug\laser gun.cmo
d:\dxtk_code_base\debug\_program files (x86)_microsoft visual studio 14.0_common7_ide_extensions_microsoft_vsgraphics_assets_effects_lambert.dgsl.cso
d:\dxtk_code_base\debug\bus.cmo
d:\dxtk_code_base\assets\debug\assets.tlog\meshcontenttask-vsgraphics.10552.read.1.tlog
d:\dxtk_code_base\assets\debug\assets.tlog\meshcontenttask-vsgraphics.10552.read.2.tlog
d:\dxtk_code_base\assets\debug\assets.tlog\meshcontenttask-vsgraphics.10552.write.1.tlog
d:\dxtk_code_base\assets\debug\assets.tlog\meshcontenttask-vsgraphics.10552.write.2.tlog
d:\dxtk_code_base\assets\debug\assets.tlog\meshcontenttask-vsgraphics.11300.read.1.tlog
d:\dxtk_code_base\assets\debug\assets.tlog\meshcontenttask-vsgraphics.11300.read.2.tlog
d:\dxtk_code_base\assets\debug\assets.tlog\meshcontenttask-vsgraphics.11300.write.1.tlog
d:\dxtk_code_base\assets\debug\assets.tlog\meshcontenttask-vsgraphics.11300.write.2.tlog
d:\dxtk_code_base\assets\debug\assets.tlog\meshcontenttask-vsgraphics.476.read.1.tlog
d:\dxtk_code_base\assets\debug\assets.tlog\meshcontenttask-vsgraphics.476.read.2.tlog
d:\dxtk_code_base\assets\debug\assets.tlog\meshcontenttask-vsgraphics.476.write.1.tlog
d:\dxtk_code_base\assets\debug\assets.tlog\meshcontenttask-vsgraphics.476.write.2.tlog
d:\dxtk_code_base\assets\debug\assets.tlog\meshcontenttask-vsgraphics.5304.read.1.tlog
d:\dxtk_code_base\assets\debug\assets.tlog\meshcontenttask-vsgraphics.5304.read.2.tlog
d:\dxtk_code_base\assets\debug\assets.tlog\meshcontenttask-vsgraphics.5304.write.1.tlog
d:\dxtk_code_base\assets\debug\assets.tlog\meshcontenttask-vsgraphics.5304.write.2.tlog
d:\dxtk_code_base\assets\debug\assets.tlog\meshcontenttask-vsgraphics.5500.read.1.tlog
d:\dxtk_code_base\assets\debug\assets.tlog\meshcontenttask-vsgraphics.5500.read.2.tlog
d:\dxtk_code_base\assets\debug\assets.tlog\meshcontenttask-vsgraphics.5500.write.1.tlog
d:\dxtk_code_base\assets\debug\assets.tlog\meshcontenttask-vsgraphics.5500.write.2.tlog
